<?xml version="1.0" encoding="UTF-8"?>
<testng-results skipped="0" failed="0" ignored="0" total="1" passed="1">
  <reporter-output>
  </reporter-output>
  <suite name="Default suite" duration-ms="15939" started-at="2018-10-30T00:46:03Z" finished-at="2018-10-30T00:46:19Z">
    <groups>
    </groups>
    <test name="Default test" duration-ms="15939" started-at="2018-10-30T00:46:03Z" finished-at="2018-10-30T00:46:19Z">
      <class name="TestNG.TestNGSe.TestRogersPromotion">
        <test-method status="PASS" signature="testHyperText()[pri:0, instance:TestNG.TestNGSe.TestRogersPromotion@2aece37d]" name="testHyperText" duration-ms="15597" started-at="2018-10-30T00:46:03Z" finished-at="2018-10-30T00:46:18Z">
          <reporter-output>
          </reporter-output>
        </test-method> <!-- testHyperText -->
        <test-method status="PASS" signature="afterClass()[pri:0, instance:TestNG.TestNGSe.TestRogersPromotion@2aece37d]" name="afterClass" is-config="true" duration-ms="324" started-at="2018-10-30T00:46:18Z" finished-at="2018-10-30T00:46:19Z">
          <reporter-output>
          </reporter-output>
        </test-method> <!-- afterClass -->
      </class> <!-- TestNG.TestNGSe.TestRogersPromotion -->
    </test> <!-- Default test -->
  </suite> <!-- Default suite -->
</testng-results>
